<?xml version="1.0" encoding="UTF-8"?>
<testng-results ignored="0" total="2" passed="2" failed="0" skipped="0">
  <reporter-output>
  </reporter-output>
  <suite started-at="2025-02-01T17:52:14 IST" name="Default suite" finished-at="2025-02-01T17:52:31 IST" duration-ms="16825">
    <groups>
    </groups>
    <test started-at="2025-02-01T17:52:14 IST" name="Default test" finished-at="2025-02-01T17:52:31 IST" duration-ms="16825">
      <class name="TestCases.Optimised_Code">
        <test-method signature="Login()[pri:0, instance:TestCases.Optimised_Code@60957c0f]" started-at="2025-02-01T17:52:14 IST" name="Login" finished-at="2025-02-01T17:52:18 IST" duration-ms="3680" status="PASS">
          <reporter-output>
          </reporter-output>
        </test-method> <!-- Login -->
        <test-method signature="coupons()[pri:0, instance:TestCases.Optimised_Code@60957c0f]" started-at="2025-02-01T17:52:18 IST" name="coupons" finished-at="2025-02-01T17:52:31 IST" duration-ms="13108" status="PASS">
          <reporter-output>
          </reporter-output>
        </test-method> <!-- coupons -->
      </class> <!-- TestCases.Optimised_Code -->
    </test> <!-- Default test -->
  </suite> <!-- Default suite -->
</testng-results>
